[
    [
        [
            {
                "Plan": {
                    "Node Type": "Sort",
                    "Parallel Aware": false,
                    "Async Capable": false,
                    "Startup Cost": 47604.72,
                    "Total Cost": 47608.64,
                    "Plan Rows": 1569,
                    "Plan Width": 36,
                    "Sort Key": [
                        "(sum((partsupp.ps_supplycost * (partsupp.ps_availqty)::numeric))) DESC"
                    ],
                    "Plans": [
                        {
                            "Node Type": "Aggregate",
                            "Strategy": "Plain",
                            "Partial Mode": "Finalize",
                            "Parent Relationship": "InitPlan",
                            "Subplan Name": "InitPlan 1 (returns $1)",
                            "Parallel Aware": false,
                            "Async Capable": false,
                            "Startup Cost": 23413.69,
                            "Total Cost": 23413.7,
                            "Plan Rows": 1,
                            "Plan Width": 32,
                            "Plans": [
                                {
                                    "Node Type": "Gather",
                                    "Parent Relationship": "Outer",
                                    "Parallel Aware": false,
                                    "Async Capable": false,
                                    "Startup Cost": 23413.46,
                                    "Total Cost": 23413.67,
                                    "Plan Rows": 2,
                                    "Plan Width": 32,
                                    "Workers Planned": 2,
                                    "Single Copy": false,
                                    "Plans": [
                                        {
                                            "Node Type": "Aggregate",
                                            "Strategy": "Plain",
                                            "Partial Mode": "Partial",
                                            "Parent Relationship": "Outer",
                                            "Parallel Aware": false,
                                            "Async Capable": false,
                                            "Startup Cost": 22413.46,
                                            "Total Cost": 22413.47,
                                            "Plan Rows": 1,
                                            "Plan Width": 32,
                                            "Plans": [
                                                {
                                                    "Node Type": "Hash Join",
                                                    "Parent Relationship": "Outer",
                                                    "Parallel Aware": false,
                                                    "Async Capable": false,
                                                    "Join Type": "Inner",
                                                    "Startup Cost": 344.78,
                                                    "Total Cost": 22398.75,
                                                    "Plan Rows": 1961,
                                                    "Plan Width": 10,
                                                    "Inner Unique": false,
                                                    "Hash Cond": "(partsupp_1.ps_suppkey = supplier_1.s_suppkey)",
                                                    "Plans": [
                                                        {
                                                            "Node Type": "Seq Scan",
                                                            "Parent Relationship": "Outer",
                                                            "Parallel Aware": true,
                                                            "Async Capable": false,
                                                            "Relation Name": "partsupp",
                                                            "Alias": "partsupp_1",
                                                            "Startup Cost": 0.0,
                                                            "Total Cost": 20784.33,
                                                            "Plan Rows": 333333,
                                                            "Plan Width": 14
                                                        },
                                                        {
                                                            "Node Type": "Hash",
                                                            "Parent Relationship": "Inner",
                                                            "Parallel Aware": false,
                                                            "Async Capable": false,
                                                            "Startup Cost": 344.04,
                                                            "Total Cost": 344.04,
                                                            "Plan Rows": 59,
                                                            "Plan Width": 4,
                                                            "Plans": [
                                                                {
                                                                    "Node Type": "Hash Join",
                                                                    "Parent Relationship": "Outer",
                                                                    "Parallel Aware": false,
                                                                    "Async Capable": false,
                                                                    "Join Type": "Inner",
                                                                    "Startup Cost": 12.14,
                                                                    "Total Cost": 344.04,
                                                                    "Plan Rows": 59,
                                                                    "Plan Width": 4,
                                                                    "Inner Unique": true,
                                                                    "Hash Cond": "(supplier_1.s_nationkey = nation_1.n_nationkey)",
                                                                    "Plans": [
                                                                        {
                                                                            "Node Type": "Seq Scan",
                                                                            "Parent Relationship": "Outer",
                                                                            "Parallel Aware": false,
                                                                            "Async Capable": false,
                                                                            "Relation Name": "supplier",
                                                                            "Alias": "supplier_1",
                                                                            "Startup Cost": 0.0,
                                                                            "Total Cost": 305.0,
                                                                            "Plan Rows": 10000,
                                                                            "Plan Width": 8
                                                                        },
                                                                        {
                                                                            "Node Type": "Hash",
                                                                            "Parent Relationship": "Inner",
                                                                            "Parallel Aware": false,
                                                                            "Async Capable": false,
                                                                            "Startup Cost": 12.13,
                                                                            "Total Cost": 12.13,
                                                                            "Plan Rows": 1,
                                                                            "Plan Width": 4,
                                                                            "Plans": [
                                                                                {
                                                                                    "Node Type": "Seq Scan",
                                                                                    "Parent Relationship": "Outer",
                                                                                    "Parallel Aware": false,
                                                                                    "Async Capable": false,
                                                                                    "Relation Name": "nation",
                                                                                    "Alias": "nation_1",
                                                                                    "Startup Cost": 0.0,
                                                                                    "Total Cost": 12.13,
                                                                                    "Plan Rows": 1,
                                                                                    "Plan Width": 4,
                                                                                    "Filter": "(n_name = 'EGYPT'::bpchar)"
                                                                                }
                                                                            ]
                                                                        }
                                                                    ]
                                                                }
                                                            ]
                                                        }
                                                    ]
                                                }
                                            ]
                                        }
                                    ]
                                }
                            ]
                        },
                        {
                            "Node Type": "Aggregate",
                            "Strategy": "Sorted",
                            "Partial Mode": "Finalize",
                            "Parent Relationship": "Outer",
                            "Parallel Aware": false,
                            "Async Capable": false,
                            "Startup Cost": 23506.02,
                            "Total Cost": 24107.74,
                            "Plan Rows": 1569,
                            "Plan Width": 36,
                            "Group Key": [
                                "partsupp.ps_partkey"
                            ],
                            "Filter": "(sum((partsupp.ps_supplycost * (partsupp.ps_availqty)::numeric)) > $1)",
                            "Plans": [
                                {
                                    "Node Type": "Gather Merge",
                                    "Parent Relationship": "Outer",
                                    "Parallel Aware": false,
                                    "Async Capable": false,
                                    "Startup Cost": 23506.02,
                                    "Total Cost": 24007.74,
                                    "Plan Rows": 3922,
                                    "Plan Width": 36,
                                    "Workers Planned": 2,
                                    "Plans": [
                                        {
                                            "Node Type": "Aggregate",
                                            "Strategy": "Sorted",
                                            "Partial Mode": "Partial",
                                            "Parent Relationship": "Outer",
                                            "Parallel Aware": false,
                                            "Async Capable": false,
                                            "Startup Cost": 22505.99,
                                            "Total Cost": 22555.02,
                                            "Plan Rows": 1961,
                                            "Plan Width": 36,
                                            "Group Key": [
                                                "partsupp.ps_partkey"
                                            ],
                                            "Plans": [
                                                {
                                                    "Node Type": "Sort",
                                                    "Parent Relationship": "Outer",
                                                    "Parallel Aware": false,
                                                    "Async Capable": false,
                                                    "Startup Cost": 22505.99,
                                                    "Total Cost": 22510.9,
                                                    "Plan Rows": 1961,
                                                    "Plan Width": 14,
                                                    "Sort Key": [
                                                        "partsupp.ps_partkey"
                                                    ],
                                                    "Plans": [
                                                        {
                                                            "Node Type": "Hash Join",
                                                            "Parent Relationship": "Outer",
                                                            "Parallel Aware": false,
                                                            "Async Capable": false,
                                                            "Join Type": "Inner",
                                                            "Startup Cost": 344.78,
                                                            "Total Cost": 22398.75,
                                                            "Plan Rows": 1961,
                                                            "Plan Width": 14,
                                                            "Inner Unique": false,
                                                            "Hash Cond": "(partsupp.ps_suppkey = supplier.s_suppkey)",
                                                            "Plans": [
                                                                {
                                                                    "Node Type": "Seq Scan",
                                                                    "Parent Relationship": "Outer",
                                                                    "Parallel Aware": true,
                                                                    "Async Capable": false,
                                                                    "Relation Name": "partsupp",
                                                                    "Alias": "partsupp",
                                                                    "Startup Cost": 0.0,
                                                                    "Total Cost": 20784.33,
                                                                    "Plan Rows": 333333,
                                                                    "Plan Width": 18
                                                                },
                                                                {
                                                                    "Node Type": "Hash",
                                                                    "Parent Relationship": "Inner",
                                                                    "Parallel Aware": false,
                                                                    "Async Capable": false,
                                                                    "Startup Cost": 344.04,
                                                                    "Total Cost": 344.04,
                                                                    "Plan Rows": 59,
                                                                    "Plan Width": 4,
                                                                    "Plans": [
                                                                        {
                                                                            "Node Type": "Hash Join",
                                                                            "Parent Relationship": "Outer",
                                                                            "Parallel Aware": false,
                                                                            "Async Capable": false,
                                                                            "Join Type": "Inner",
                                                                            "Startup Cost": 12.14,
                                                                            "Total Cost": 344.04,
                                                                            "Plan Rows": 59,
                                                                            "Plan Width": 4,
                                                                            "Inner Unique": true,
                                                                            "Hash Cond": "(supplier.s_nationkey = nation.n_nationkey)",
                                                                            "Plans": [
                                                                                {
                                                                                    "Node Type": "Seq Scan",
                                                                                    "Parent Relationship": "Outer",
                                                                                    "Parallel Aware": false,
                                                                                    "Async Capable": false,
                                                                                    "Relation Name": "supplier",
                                                                                    "Alias": "supplier",
                                                                                    "Startup Cost": 0.0,
                                                                                    "Total Cost": 305.0,
                                                                                    "Plan Rows": 10000,
                                                                                    "Plan Width": 8
                                                                                },
                                                                                {
                                                                                    "Node Type": "Hash",
                                                                                    "Parent Relationship": "Inner",
                                                                                    "Parallel Aware": false,
                                                                                    "Async Capable": false,
                                                                                    "Startup Cost": 12.13,
                                                                                    "Total Cost": 12.13,
                                                                                    "Plan Rows": 1,
                                                                                    "Plan Width": 4,
                                                                                    "Plans": [
                                                                                        {
                                                                                            "Node Type": "Seq Scan",
                                                                                            "Parent Relationship": "Outer",
                                                                                            "Parallel Aware": false,
                                                                                            "Async Capable": false,
                                                                                            "Relation Name": "nation",
                                                                                            "Alias": "nation",
                                                                                            "Startup Cost": 0.0,
                                                                                            "Total Cost": 12.13,
                                                                                            "Plan Rows": 1,
                                                                                            "Plan Width": 4,
                                                                                            "Filter": "(n_name = 'EGYPT'::bpchar)"
                                                                                        }
                                                                                    ]
                                                                                }
                                                                            ]
                                                                        }
                                                                    ]
                                                                }
                                                            ]
                                                        }
                                                    ]
                                                }
                                            ]
                                        }
                                    ]
                                }
                            ]
                        }
                    ]
                }
            }
        ]
    ]
]