[
    [
        [
            {
                "Plan": {
                    "Node Type": "Aggregate",
                    "Strategy": "Sorted",
                    "Partial Mode": "Finalize",
                    "Parallel Aware": false,
                    "Async Capable": false,
                    "Startup Cost": 203257.52,
                    "Total Cost": 203496.22,
                    "Plan Rows": 7,
                    "Plan Width": 27,
                    "Group Key": [
                        "lineitem.l_shipmode"
                    ],
                    "Plans": [
                        {
                            "Node Type": "Gather Merge",
                            "Parent Relationship": "Outer",
                            "Parallel Aware": false,
                            "Async Capable": false,
                            "Startup Cost": 203257.52,
                            "Total Cost": 203496.05,
                            "Plan Rows": 14,
                            "Plan Width": 27,
                            "Workers Planned": 2,
                            "Plans": [
                                {
                                    "Node Type": "Aggregate",
                                    "Strategy": "Sorted",
                                    "Partial Mode": "Partial",
                                    "Parent Relationship": "Outer",
                                    "Parallel Aware": false,
                                    "Async Capable": false,
                                    "Startup Cost": 202257.5,
                                    "Total Cost": 202494.41,
                                    "Plan Rows": 7,
                                    "Plan Width": 27,
                                    "Group Key": [
                                        "lineitem.l_shipmode"
                                    ],
                                    "Plans": [
                                        {
                                            "Node Type": "Sort",
                                            "Parent Relationship": "Outer",
                                            "Parallel Aware": false,
                                            "Async Capable": false,
                                            "Startup Cost": 202257.5,
                                            "Total Cost": 202287.1,
                                            "Plan Rows": 11842,
                                            "Plan Width": 27,
                                            "Sort Key": [
                                                "lineitem.l_shipmode"
                                            ],
                                            "Plans": [
                                                {
                                                    "Node Type": "Hash Join",
                                                    "Parent Relationship": "Outer",
                                                    "Parallel Aware": true,
                                                    "Async Capable": false,
                                                    "Join Type": "Inner",
                                                    "Startup Cost": 168906.95,
                                                    "Total Cost": 201456.29,
                                                    "Plan Rows": 11842,
                                                    "Plan Width": 27,
                                                    "Inner Unique": false,
                                                    "Hash Cond": "(orders.o_orderkey = lineitem.l_orderkey)",
                                                    "Plans": [
                                                        {
                                                            "Node Type": "Seq Scan",
                                                            "Parent Relationship": "Outer",
                                                            "Parallel Aware": true,
                                                            "Async Capable": false,
                                                            "Relation Name": "orders",
                                                            "Alias": "orders",
                                                            "Startup Cost": 0.0,
                                                            "Total Cost": 26250.0,
                                                            "Plan Rows": 625000,
                                                            "Plan Width": 20
                                                        },
                                                        {
                                                            "Node Type": "Hash",
                                                            "Parent Relationship": "Inner",
                                                            "Parallel Aware": true,
                                                            "Async Capable": false,
                                                            "Startup Cost": 168758.92,
                                                            "Total Cost": 168758.92,
                                                            "Plan Rows": 11842,
                                                            "Plan Width": 15,
                                                            "Plans": [
                                                                {
                                                                    "Node Type": "Seq Scan",
                                                                    "Parent Relationship": "Outer",
                                                                    "Parallel Aware": true,
                                                                    "Async Capable": false,
                                                                    "Relation Name": "lineitem",
                                                                    "Alias": "lineitem",
                                                                    "Startup Cost": 0.0,
                                                                    "Total Cost": 168758.92,
                                                                    "Plan Rows": 11842,
                                                                    "Plan Width": 15,
                                                                    "Filter": "((l_shipmode = ANY ('{FOB,AIR}'::bpchar[])) AND (l_commitdate < l_receiptdate) AND (l_shipdate < l_commitdate) AND (l_receiptdate >= '1997-01-01'::date) AND (l_receiptdate < '1998-01-01 00:00:00'::timestamp without time zone))"
                                                                }
                                                            ]
                                                        }
                                                    ]
                                                }
                                            ]
                                        }
                                    ]
                                }
                            ]
                        }
                    ]
                }
            }
        ]
    ]
]