[
    [
        [
            {
                "Plan": {
                    "Node Type": "Sort",
                    "Parallel Aware": false,
                    "Async Capable": false,
                    "Startup Cost": 35139.77,
                    "Total Cost": 35142.89,
                    "Plan Rows": 1250,
                    "Plan Width": 45,
                    "Sort Key": [
                        "(count(DISTINCT partsupp.ps_suppkey)) DESC",
                        "part.p_brand",
                        "part.p_type",
                        "part.p_size"
                    ],
                    "Plans": [
                        {
                            "Node Type": "Aggregate",
                            "Strategy": "Sorted",
                            "Partial Mode": "Simple",
                            "Parent Relationship": "Outer",
                            "Parallel Aware": false,
                            "Async Capable": false,
                            "Startup Cost": 27172.73,
                            "Total Cost": 35075.47,
                            "Plan Rows": 1250,
                            "Plan Width": 45,
                            "Group Key": [
                                "part.p_brand",
                                "part.p_type",
                                "part.p_size"
                            ],
                            "Plans": [
                                {
                                    "Node Type": "Gather Merge",
                                    "Parent Relationship": "Outer",
                                    "Parallel Aware": false,
                                    "Async Capable": false,
                                    "Startup Cost": 27172.73,
                                    "Total Cost": 34439.07,
                                    "Plan Rows": 62390,
                                    "Plan Width": 41,
                                    "Workers Planned": 2,
                                    "Plans": [
                                        {
                                            "Node Type": "Sort",
                                            "Parent Relationship": "Outer",
                                            "Parallel Aware": false,
                                            "Async Capable": false,
                                            "Startup Cost": 26172.7,
                                            "Total Cost": 26237.69,
                                            "Plan Rows": 25996,
                                            "Plan Width": 41,
                                            "Sort Key": [
                                                "part.p_brand",
                                                "part.p_type",
                                                "part.p_size"
                                            ],
                                            "Plans": [
                                                {
                                                    "Node Type": "Hash Join",
                                                    "Parent Relationship": "Outer",
                                                    "Parallel Aware": true,
                                                    "Async Capable": false,
                                                    "Join Type": "Inner",
                                                    "Startup Cost": 6830.24,
                                                    "Total Cost": 24266.41,
                                                    "Plan Rows": 25996,
                                                    "Plan Width": 41,
                                                    "Inner Unique": true,
                                                    "Hash Cond": "(partsupp.ps_partkey = part.p_partkey)",
                                                    "Plans": [
                                                        {
                                                            "Node Type": "Index Only Scan",
                                                            "Parent Relationship": "Outer",
                                                            "Parallel Aware": true,
                                                            "Async Capable": false,
                                                            "Scan Direction": "Forward",
                                                            "Index Name": "partsupp_pkey",
                                                            "Relation Name": "partsupp",
                                                            "Alias": "partsupp",
                                                            "Startup Cost": 330.43,
                                                            "Total Cost": 17329.09,
                                                            "Plan Rows": 166667,
                                                            "Plan Width": 8,
                                                            "Filter": "(NOT (hashed SubPlan 1))",
                                                            "Plans": [
                                                                {
                                                                    "Node Type": "Seq Scan",
                                                                    "Parent Relationship": "SubPlan",
                                                                    "Subplan Name": "SubPlan 1",
                                                                    "Parallel Aware": false,
                                                                    "Async Capable": false,
                                                                    "Relation Name": "supplier",
                                                                    "Alias": "supplier",
                                                                    "Startup Cost": 0.0,
                                                                    "Total Cost": 330.0,
                                                                    "Plan Rows": 1,
                                                                    "Plan Width": 4,
                                                                    "Filter": "((s_comment)::text ~~ '%Customer%Complaints%'::text)"
                                                                }
                                                            ]
                                                        },
                                                        {
                                                            "Node Type": "Hash",
                                                            "Parent Relationship": "Inner",
                                                            "Parallel Aware": true,
                                                            "Async Capable": false,
                                                            "Startup Cost": 6337.33,
                                                            "Total Cost": 6337.33,
                                                            "Plan Rows": 12998,
                                                            "Plan Width": 41,
                                                            "Plans": [
                                                                {
                                                                    "Node Type": "Seq Scan",
                                                                    "Parent Relationship": "Outer",
                                                                    "Parallel Aware": true,
                                                                    "Async Capable": false,
                                                                    "Relation Name": "part",
                                                                    "Alias": "part",
                                                                    "Startup Cost": 0.0,
                                                                    "Total Cost": 6337.33,
                                                                    "Plan Rows": 12998,
                                                                    "Plan Width": 41,
                                                                    "Filter": "((p_brand <> 'Brand#45'::bpchar) AND ((p_type)::text !~~ 'SMALL ANODIZED%'::text) AND (p_size = ANY ('{47,15,37,30,46,16,18,6}'::integer[])))"
                                                                }
                                                            ]
                                                        }
                                                    ]
                                                }
                                            ]
                                        }
                                    ]
                                }
                            ]
                        }
                    ]
                }
            }
        ]
    ]
]