[
    [
        [
            {
                "Plan": {
                    "Node Type": "Sort",
                    "Parallel Aware": false,
                    "Async Capable": false,
                    "Startup Cost": 616855.67,
                    "Total Cost": 616855.67,
                    "Plan Rows": 1,
                    "Plan Width": 37,
                    "Sort Key": [
                        "supplier.s_name"
                    ],
                    "Plans": [
                        {
                            "Node Type": "Nested Loop",
                            "Parent Relationship": "Outer",
                            "Parallel Aware": false,
                            "Async Capable": false,
                            "Join Type": "Inner",
                            "Startup Cost": 0.42,
                            "Total Cost": 616855.66,
                            "Plan Rows": 1,
                            "Plan Width": 37,
                            "Inner Unique": true,
                            "Join Filter": "(supplier.s_nationkey = nation.n_nationkey)",
                            "Plans": [
                                {
                                    "Node Type": "Nested Loop",
                                    "Parent Relationship": "Outer",
                                    "Parallel Aware": false,
                                    "Async Capable": false,
                                    "Join Type": "Semi",
                                    "Startup Cost": 0.42,
                                    "Total Cost": 616843.52,
                                    "Plan Rows": 1,
                                    "Plan Width": 41,
                                    "Inner Unique": false,
                                    "Join Filter": "(supplier.s_suppkey = partsupp.ps_suppkey)",
                                    "Plans": [
                                        {
                                            "Node Type": "Seq Scan",
                                            "Parent Relationship": "Outer",
                                            "Parallel Aware": false,
                                            "Async Capable": false,
                                            "Relation Name": "supplier",
                                            "Alias": "supplier",
                                            "Startup Cost": 0.0,
                                            "Total Cost": 305.0,
                                            "Plan Rows": 10000,
                                            "Plan Width": 45
                                        },
                                        {
                                            "Node Type": "Materialize",
                                            "Parent Relationship": "Inner",
                                            "Parallel Aware": false,
                                            "Async Capable": false,
                                            "Startup Cost": 0.42,
                                            "Total Cost": 616388.52,
                                            "Plan Rows": 1,
                                            "Plan Width": 4,
                                            "Plans": [
                                                {
                                                    "Node Type": "Nested Loop",
                                                    "Parent Relationship": "Outer",
                                                    "Parallel Aware": false,
                                                    "Async Capable": false,
                                                    "Join Type": "Inner",
                                                    "Startup Cost": 0.42,
                                                    "Total Cost": 616388.52,
                                                    "Plan Rows": 1,
                                                    "Plan Width": 4,
                                                    "Inner Unique": false,
                                                    "Plans": [
                                                        {
                                                            "Node Type": "Seq Scan",
                                                            "Parent Relationship": "Outer",
                                                            "Parallel Aware": false,
                                                            "Async Capable": false,
                                                            "Relation Name": "part",
                                                            "Alias": "part",
                                                            "Startup Cost": 0.0,
                                                            "Total Cost": 6754.0,
                                                            "Plan Rows": 1,
                                                            "Plan Width": 4,
                                                            "Filter": "((p_name)::text ~~ 'drab%'::text)"
                                                        },
                                                        {
                                                            "Node Type": "Index Scan",
                                                            "Parent Relationship": "Inner",
                                                            "Parallel Aware": false,
                                                            "Async Capable": false,
                                                            "Scan Direction": "Forward",
                                                            "Index Name": "partsupp_pkey",
                                                            "Relation Name": "partsupp",
                                                            "Alias": "partsupp",
                                                            "Startup Cost": 0.42,
                                                            "Total Cost": 609634.51,
                                                            "Plan Rows": 1,
                                                            "Plan Width": 8,
                                                            "Index Cond": "(ps_partkey = part.p_partkey)",
                                                            "Filter": "((ps_availqty)::numeric > (SubPlan 1))",
                                                            "Plans": [
                                                                {
                                                                    "Node Type": "Aggregate",
                                                                    "Strategy": "Plain",
                                                                    "Partial Mode": "Simple",
                                                                    "Parent Relationship": "SubPlan",
                                                                    "Subplan Name": "SubPlan 1",
                                                                    "Parallel Aware": false,
                                                                    "Async Capable": false,
                                                                    "Startup Cost": 152405.17,
                                                                    "Total Cost": 152405.19,
                                                                    "Plan Rows": 1,
                                                                    "Plan Width": 32,
                                                                    "Plans": [
                                                                        {
                                                                            "Node Type": "Index Scan",
                                                                            "Parent Relationship": "Outer",
                                                                            "Parallel Aware": false,
                                                                            "Async Capable": false,
                                                                            "Scan Direction": "Forward",
                                                                            "Index Name": "lineitem_pkey",
                                                                            "Relation Name": "lineitem",
                                                                            "Alias": "lineitem",
                                                                            "Startup Cost": 0.43,
                                                                            "Total Cost": 152405.17,
                                                                            "Plan Rows": 1,
                                                                            "Plan Width": 5,
                                                                            "Index Cond": "((l_partkey = partsupp.ps_partkey) AND (l_suppkey = partsupp.ps_suppkey))",
                                                                            "Filter": "((l_shipdate >= '1996-01-01'::date) AND (l_shipdate < '1997-01-01 00:00:00'::timestamp without time zone))"
                                                                        }
                                                                    ]
                                                                }
                                                            ]
                                                        }
                                                    ]
                                                }
                                            ]
                                        }
                                    ]
                                },
                                {
                                    "Node Type": "Seq Scan",
                                    "Parent Relationship": "Inner",
                                    "Parallel Aware": false,
                                    "Async Capable": false,
                                    "Relation Name": "nation",
                                    "Alias": "nation",
                                    "Startup Cost": 0.0,
                                    "Total Cost": 12.13,
                                    "Plan Rows": 1,
                                    "Plan Width": 4,
                                    "Filter": "(n_name = 'KENYA'::bpchar)"
                                }
                            ]
                        }
                    ]
                }
            }
        ]
    ]
]