[
    [
        [
            {
                "Plan": {
                    "Node Type": "Limit",
                    "Parallel Aware": false,
                    "Async Capable": false,
                    "Startup Cost": 151457.61,
                    "Total Cost": 151457.61,
                    "Plan Rows": 1,
                    "Plan Width": 34,
                    "Plans": [
                        {
                            "Node Type": "Sort",
                            "Parent Relationship": "Outer",
                            "Parallel Aware": false,
                            "Async Capable": false,
                            "Startup Cost": 151457.61,
                            "Total Cost": 151457.61,
                            "Plan Rows": 1,
                            "Plan Width": 34,
                            "Sort Key": [
                                "(count(*)) DESC",
                                "supplier.s_name"
                            ],
                            "Plans": [
                                {
                                    "Node Type": "Aggregate",
                                    "Strategy": "Sorted",
                                    "Partial Mode": "Simple",
                                    "Parent Relationship": "Outer",
                                    "Parallel Aware": false,
                                    "Async Capable": false,
                                    "Startup Cost": 151457.58,
                                    "Total Cost": 151457.6,
                                    "Plan Rows": 1,
                                    "Plan Width": 34,
                                    "Group Key": [
                                        "supplier.s_name"
                                    ],
                                    "Plans": [
                                        {
                                            "Node Type": "Sort",
                                            "Parent Relationship": "Outer",
                                            "Parallel Aware": false,
                                            "Async Capable": false,
                                            "Startup Cost": 151457.58,
                                            "Total Cost": 151457.58,
                                            "Plan Rows": 1,
                                            "Plan Width": 26,
                                            "Sort Key": [
                                                "supplier.s_name"
                                            ],
                                            "Plans": [
                                                {
                                                    "Node Type": "Nested Loop",
                                                    "Parent Relationship": "Outer",
                                                    "Parallel Aware": false,
                                                    "Async Capable": false,
                                                    "Join Type": "Inner",
                                                    "Startup Cost": 1346.07,
                                                    "Total Cost": 151457.57,
                                                    "Plan Rows": 1,
                                                    "Plan Width": 26,
                                                    "Inner Unique": true,
                                                    "Plans": [
                                                        {
                                                            "Node Type": "Nested Loop",
                                                            "Parent Relationship": "Outer",
                                                            "Parallel Aware": false,
                                                            "Async Capable": false,
                                                            "Join Type": "Semi",
                                                            "Startup Cost": 1345.65,
                                                            "Total Cost": 151457.07,
                                                            "Plan Rows": 1,
                                                            "Plan Width": 34,
                                                            "Inner Unique": false,
                                                            "Plans": [
                                                                {
                                                                    "Node Type": "Gather",
                                                                    "Parent Relationship": "Outer",
                                                                    "Parallel Aware": false,
                                                                    "Async Capable": false,
                                                                    "Startup Cost": 1345.21,
                                                                    "Total Cost": 151456.28,
                                                                    "Plan Rows": 1,
                                                                    "Plan Width": 34,
                                                                    "Workers Planned": 2,
                                                                    "Single Copy": false,
                                                                    "Plans": [
                                                                        {
                                                                            "Node Type": "Nested Loop",
                                                                            "Parent Relationship": "Outer",
                                                                            "Parallel Aware": false,
                                                                            "Async Capable": false,
                                                                            "Join Type": "Anti",
                                                                            "Startup Cost": 345.21,
                                                                            "Total Cost": 150456.18,
                                                                            "Plan Rows": 1,
                                                                            "Plan Width": 34,
                                                                            "Inner Unique": false,
                                                                            "Plans": [
                                                                                {
                                                                                    "Node Type": "Hash Join",
                                                                                    "Parent Relationship": "Outer",
                                                                                    "Parallel Aware": false,
                                                                                    "Async Capable": false,
                                                                                    "Join Type": "Inner",
                                                                                    "Startup Cost": 344.78,
                                                                                    "Total Cost": 147273.23,
                                                                                    "Plan Rows": 4903,
                                                                                    "Plan Width": 34,
                                                                                    "Inner Unique": false,
                                                                                    "Hash Cond": "(l1.l_suppkey = supplier.s_suppkey)",
                                                                                    "Plans": [
                                                                                        {
                                                                                            "Node Type": "Seq Scan",
                                                                                            "Parent Relationship": "Outer",
                                                                                            "Parallel Aware": true,
                                                                                            "Async Capable": false,
                                                                                            "Relation Name": "lineitem",
                                                                                            "Alias": "l1",
                                                                                            "Startup Cost": 0.0,
                                                                                            "Total Cost": 143753.63,
                                                                                            "Plan Rows": 833510,
                                                                                            "Plan Width": 8,
                                                                                            "Filter": "(l_receiptdate > l_commitdate)"
                                                                                        },
                                                                                        {
                                                                                            "Node Type": "Hash",
                                                                                            "Parent Relationship": "Inner",
                                                                                            "Parallel Aware": false,
                                                                                            "Async Capable": false,
                                                                                            "Startup Cost": 344.04,
                                                                                            "Total Cost": 344.04,
                                                                                            "Plan Rows": 59,
                                                                                            "Plan Width": 30,
                                                                                            "Plans": [
                                                                                                {
                                                                                                    "Node Type": "Hash Join",
                                                                                                    "Parent Relationship": "Outer",
                                                                                                    "Parallel Aware": false,
                                                                                                    "Async Capable": false,
                                                                                                    "Join Type": "Inner",
                                                                                                    "Startup Cost": 12.14,
                                                                                                    "Total Cost": 344.04,
                                                                                                    "Plan Rows": 59,
                                                                                                    "Plan Width": 30,
                                                                                                    "Inner Unique": true,
                                                                                                    "Hash Cond": "(supplier.s_nationkey = nation.n_nationkey)",
                                                                                                    "Plans": [
                                                                                                        {
                                                                                                            "Node Type": "Seq Scan",
                                                                                                            "Parent Relationship": "Outer",
                                                                                                            "Parallel Aware": false,
                                                                                                            "Async Capable": false,
                                                                                                            "Relation Name": "supplier",
                                                                                                            "Alias": "supplier",
                                                                                                            "Startup Cost": 0.0,
                                                                                                            "Total Cost": 305.0,
                                                                                                            "Plan Rows": 10000,
                                                                                                            "Plan Width": 34
                                                                                                        },
                                                                                                        {
                                                                                                            "Node Type": "Hash",
                                                                                                            "Parent Relationship": "Inner",
                                                                                                            "Parallel Aware": false,
                                                                                                            "Async Capable": false,
                                                                                                            "Startup Cost": 12.13,
                                                                                                            "Total Cost": 12.13,
                                                                                                            "Plan Rows": 1,
                                                                                                            "Plan Width": 4,
                                                                                                            "Plans": [
                                                                                                                {
                                                                                                                    "Node Type": "Seq Scan",
                                                                                                                    "Parent Relationship": "Outer",
                                                                                                                    "Parallel Aware": false,
                                                                                                                    "Async Capable": false,
                                                                                                                    "Relation Name": "nation",
                                                                                                                    "Alias": "nation",
                                                                                                                    "Startup Cost": 0.0,
                                                                                                                    "Total Cost": 12.13,
                                                                                                                    "Plan Rows": 1,
                                                                                                                    "Plan Width": 4,
                                                                                                                    "Filter": "(n_name = 'PERU'::bpchar)"
                                                                                                                }
                                                                                                            ]
                                                                                                        }
                                                                                                    ]
                                                                                                }
                                                                                            ]
                                                                                        }
                                                                                    ]
                                                                                },
                                                                                {
                                                                                    "Node Type": "Index Scan",
                                                                                    "Parent Relationship": "Inner",
                                                                                    "Parallel Aware": false,
                                                                                    "Async Capable": false,
                                                                                    "Scan Direction": "Forward",
                                                                                    "Index Name": "lineitem_pkey",
                                                                                    "Relation Name": "lineitem",
                                                                                    "Alias": "l3",
                                                                                    "Startup Cost": 0.43,
                                                                                    "Total Cost": 1.04,
                                                                                    "Plan Rows": 5,
                                                                                    "Plan Width": 8,
                                                                                    "Index Cond": "(l_orderkey = l1.l_orderkey)",
                                                                                    "Filter": "((l_receiptdate > l_commitdate) AND (l_suppkey <> l1.l_suppkey))"
                                                                                }
                                                                            ]
                                                                        }
                                                                    ]
                                                                },
                                                                {
                                                                    "Node Type": "Index Only Scan",
                                                                    "Parent Relationship": "Inner",
                                                                    "Parallel Aware": false,
                                                                    "Async Capable": false,
                                                                    "Scan Direction": "Forward",
                                                                    "Index Name": "lineitem_pkey",
                                                                    "Relation Name": "lineitem",
                                                                    "Alias": "l2",
                                                                    "Startup Cost": 0.43,
                                                                    "Total Cost": 0.78,
                                                                    "Plan Rows": 15,
                                                                    "Plan Width": 8,
                                                                    "Index Cond": "(l_orderkey = l1.l_orderkey)",
                                                                    "Filter": "(l_suppkey <> l1.l_suppkey)"
                                                                }
                                                            ]
                                                        },
                                                        {
                                                            "Node Type": "Index Scan",
                                                            "Parent Relationship": "Inner",
                                                            "Parallel Aware": false,
                                                            "Async Capable": false,
                                                            "Scan Direction": "Forward",
                                                            "Index Name": "orders_pkey",
                                                            "Relation Name": "orders",
                                                            "Alias": "orders",
                                                            "Startup Cost": 0.43,
                                                            "Total Cost": 0.5,
                                                            "Plan Rows": 1,
                                                            "Plan Width": 4,
                                                            "Index Cond": "(o_orderkey = l1.l_orderkey)",
                                                            "Filter": "(o_orderstatus = 'F'::bpchar)"
                                                        }
                                                    ]
                                                }
                                            ]
                                        }
                                    ]
                                }
                            ]
                        }
                    ]
                }
            }
        ]
    ]
]