[
    [
        [
            {
                "Plan": {
                    "Node Type": "Aggregate",
                    "Strategy": "Sorted",
                    "Partial Mode": "Finalize",
                    "Parallel Aware": false,
                    "Async Capable": false,
                    "Startup Cost": 51430.53,
                    "Total Cost": 51528.25,
                    "Plan Rows": 733,
                    "Plan Width": 72,
                    "Group Key": [
                        "(SUBSTRING(customer.c_phone FROM 1 FOR 2))"
                    ],
                    "Plans": [
                        {
                            "Node Type": "Aggregate",
                            "Strategy": "Plain",
                            "Partial Mode": "Finalize",
                            "Parent Relationship": "InitPlan",
                            "Subplan Name": "InitPlan 1 (returns $1)",
                            "Parallel Aware": false,
                            "Async Capable": false,
                            "Startup Cost": 6229.82,
                            "Total Cost": 6229.83,
                            "Plan Rows": 1,
                            "Plan Width": 32,
                            "Plans": [
                                {
                                    "Node Type": "Gather",
                                    "Parent Relationship": "Outer",
                                    "Parallel Aware": false,
                                    "Async Capable": false,
                                    "Startup Cost": 6229.6,
                                    "Total Cost": 6229.81,
                                    "Plan Rows": 2,
                                    "Plan Width": 32,
                                    "Workers Planned": 2,
                                    "Single Copy": false,
                                    "Plans": [
                                        {
                                            "Node Type": "Aggregate",
                                            "Strategy": "Plain",
                                            "Partial Mode": "Partial",
                                            "Parent Relationship": "Outer",
                                            "Parallel Aware": false,
                                            "Async Capable": false,
                                            "Startup Cost": 5229.6,
                                            "Total Cost": 5229.61,
                                            "Plan Rows": 1,
                                            "Plan Width": 32,
                                            "Plans": [
                                                {
                                                    "Node Type": "Seq Scan",
                                                    "Parent Relationship": "Outer",
                                                    "Parallel Aware": true,
                                                    "Async Capable": false,
                                                    "Relation Name": "customer",
                                                    "Alias": "customer_1",
                                                    "Startup Cost": 0.0,
                                                    "Total Cost": 5224.63,
                                                    "Plan Rows": 1988,
                                                    "Plan Width": 6,
                                                    "Filter": "((c_acctbal > 0.00) AND (SUBSTRING(c_phone FROM 1 FOR 2) = ANY ('{24,32,17,18,12,14,22}'::text[])))"
                                                }
                                            ]
                                        }
                                    ]
                                }
                            ]
                        },
                        {
                            "Node Type": "Gather Merge",
                            "Parent Relationship": "Outer",
                            "Parallel Aware": false,
                            "Async Capable": false,
                            "Startup Cost": 45200.7,
                            "Total Cost": 45279.5,
                            "Plan Rows": 610,
                            "Plan Width": 72,
                            "Workers Planned": 2,
                            "Params Evaluated": [
                                "$1"
                            ],
                            "Plans": [
                                {
                                    "Node Type": "Aggregate",
                                    "Strategy": "Sorted",
                                    "Partial Mode": "Partial",
                                    "Parent Relationship": "Outer",
                                    "Parallel Aware": false,
                                    "Async Capable": false,
                                    "Startup Cost": 44200.68,
                                    "Total Cost": 44209.06,
                                    "Plan Rows": 305,
                                    "Plan Width": 72,
                                    "Group Key": [
                                        "(SUBSTRING(customer.c_phone FROM 1 FOR 2))"
                                    ],
                                    "Plans": [
                                        {
                                            "Node Type": "Sort",
                                            "Parent Relationship": "Outer",
                                            "Parallel Aware": false,
                                            "Async Capable": false,
                                            "Startup Cost": 44200.68,
                                            "Total Cost": 44201.44,
                                            "Plan Rows": 305,
                                            "Plan Width": 38,
                                            "Sort Key": [
                                                "(SUBSTRING(customer.c_phone FROM 1 FOR 2))"
                                            ],
                                            "Plans": [
                                                {
                                                    "Node Type": "Hash Join",
                                                    "Parent Relationship": "Outer",
                                                    "Parallel Aware": true,
                                                    "Async Capable": false,
                                                    "Join Type": "Anti",
                                                    "Startup Cost": 36504.5,
                                                    "Total Cost": 44188.09,
                                                    "Plan Rows": 305,
                                                    "Plan Width": 38,
                                                    "Inner Unique": false,
                                                    "Hash Cond": "(customer.c_custkey = orders.o_custkey)",
                                                    "Plans": [
                                                        {
                                                            "Node Type": "Seq Scan",
                                                            "Parent Relationship": "Outer",
                                                            "Parallel Aware": true,
                                                            "Async Capable": false,
                                                            "Relation Name": "customer",
                                                            "Alias": "customer",
                                                            "Startup Cost": 0.0,
                                                            "Total Cost": 5224.63,
                                                            "Plan Rows": 729,
                                                            "Plan Width": 26,
                                                            "Filter": "((c_acctbal > $1) AND (SUBSTRING(c_phone FROM 1 FOR 2) = ANY ('{24,32,17,18,12,14,22}'::text[])))"
                                                        },
                                                        {
                                                            "Node Type": "Hash",
                                                            "Parent Relationship": "Inner",
                                                            "Parallel Aware": true,
                                                            "Async Capable": false,
                                                            "Startup Cost": 26250.0,
                                                            "Total Cost": 26250.0,
                                                            "Plan Rows": 625000,
                                                            "Plan Width": 4,
                                                            "Plans": [
                                                                {
                                                                    "Node Type": "Seq Scan",
                                                                    "Parent Relationship": "Outer",
                                                                    "Parallel Aware": true,
                                                                    "Async Capable": false,
                                                                    "Relation Name": "orders",
                                                                    "Alias": "orders",
                                                                    "Startup Cost": 0.0,
                                                                    "Total Cost": 26250.0,
                                                                    "Plan Rows": 625000,
                                                                    "Plan Width": 4
                                                                }
                                                            ]
                                                        }
                                                    ]
                                                }
                                            ]
                                        }
                                    ]
                                }
                            ]
                        }
                    ]
                }
            }
        ]
    ]
]