[
    [
        [
            {
                "Plan": {
                    "Node Type": "Limit",
                    "Parallel Aware": false,
                    "Async Capable": false,
                    "Startup Cost": 6742.23,
                    "Total Cost": 6742.24,
                    "Plan Rows": 1,
                    "Plan Width": 256,
                    "Plans": [
                        {
                            "Node Type": "Sort",
                            "Parent Relationship": "Outer",
                            "Parallel Aware": false,
                            "Async Capable": false,
                            "Startup Cost": 6742.23,
                            "Total Cost": 6742.24,
                            "Plan Rows": 1,
                            "Plan Width": 256,
                            "Sort Key": [
                                "supplier.s_acctbal DESC",
                                "nation.n_name",
                                "supplier.s_name",
                                "part.p_partkey"
                            ],
                            "Plans": [
                                {
                                    "Node Type": "Nested Loop",
                                    "Parent Relationship": "Outer",
                                    "Parallel Aware": false,
                                    "Async Capable": false,
                                    "Join Type": "Inner",
                                    "Startup Cost": 1000.71,
                                    "Total Cost": 6742.22,
                                    "Plan Rows": 1,
                                    "Plan Width": 256,
                                    "Inner Unique": true,
                                    "Join Filter": "(nation.n_regionkey = region.r_regionkey)",
                                    "Plans": [
                                        {
                                            "Node Type": "Nested Loop",
                                            "Parent Relationship": "Outer",
                                            "Parallel Aware": false,
                                            "Async Capable": false,
                                            "Join Type": "Inner",
                                            "Startup Cost": 1000.71,
                                            "Total Cost": 6730.09,
                                            "Plan Rows": 1,
                                            "Plan Width": 260,
                                            "Inner Unique": true,
                                            "Join Filter": "(supplier.s_nationkey = nation.n_nationkey)",
                                            "Plans": [
                                                {
                                                    "Node Type": "Nested Loop",
                                                    "Parent Relationship": "Outer",
                                                    "Parallel Aware": false,
                                                    "Async Capable": false,
                                                    "Join Type": "Inner",
                                                    "Startup Cost": 1000.71,
                                                    "Total Cost": 6716.26,
                                                    "Plan Rows": 1,
                                                    "Plan Width": 156,
                                                    "Inner Unique": true,
                                                    "Plans": [
                                                        {
                                                            "Node Type": "Nested Loop",
                                                            "Parent Relationship": "Outer",
                                                            "Parallel Aware": false,
                                                            "Async Capable": false,
                                                            "Join Type": "Inner",
                                                            "Startup Cost": 1000.42,
                                                            "Total Cost": 6715.96,
                                                            "Plan Rows": 1,
                                                            "Plan Width": 34,
                                                            "Inner Unique": false,
                                                            "Plans": [
                                                                {
                                                                    "Node Type": "Gather",
                                                                    "Parent Relationship": "Outer",
                                                                    "Parallel Aware": false,
                                                                    "Async Capable": false,
                                                                    "Startup Cost": 1000.0,
                                                                    "Total Cost": 6504.1,
                                                                    "Plan Rows": 1,
                                                                    "Plan Width": 30,
                                                                    "Workers Planned": 2,
                                                                    "Single Copy": false,
                                                                    "Plans": [
                                                                        {
                                                                            "Node Type": "Seq Scan",
                                                                            "Parent Relationship": "Outer",
                                                                            "Parallel Aware": true,
                                                                            "Async Capable": false,
                                                                            "Relation Name": "part",
                                                                            "Alias": "part",
                                                                            "Startup Cost": 0.0,
                                                                            "Total Cost": 5504.0,
                                                                            "Plan Rows": 1,
                                                                            "Plan Width": 30,
                                                                            "Filter": "(((p_type)::text ~~ '%STEEL'::text) AND (p_size = 48))"
                                                                        }
                                                                    ]
                                                                },
                                                                {
                                                                    "Node Type": "Index Scan",
                                                                    "Parent Relationship": "Inner",
                                                                    "Parallel Aware": false,
                                                                    "Async Capable": false,
                                                                    "Scan Direction": "Forward",
                                                                    "Index Name": "partsupp_pkey",
                                                                    "Relation Name": "partsupp",
                                                                    "Alias": "partsupp",
                                                                    "Startup Cost": 0.42,
                                                                    "Total Cost": 211.85,
                                                                    "Plan Rows": 1,
                                                                    "Plan Width": 14,
                                                                    "Index Cond": "(ps_partkey = part.p_partkey)",
                                                                    "Filter": "((SubPlan 1) = ps_supplycost)",
                                                                    "Plans": [
                                                                        {
                                                                            "Node Type": "Aggregate",
                                                                            "Strategy": "Plain",
                                                                            "Partial Mode": "Simple",
                                                                            "Parent Relationship": "SubPlan",
                                                                            "Subplan Name": "SubPlan 1",
                                                                            "Parallel Aware": false,
                                                                            "Async Capable": false,
                                                                            "Startup Cost": 49.51,
                                                                            "Total Cost": 49.52,
                                                                            "Plan Rows": 1,
                                                                            "Plan Width": 32,
                                                                            "Plans": [
                                                                                {
                                                                                    "Node Type": "Nested Loop",
                                                                                    "Parent Relationship": "Outer",
                                                                                    "Parallel Aware": false,
                                                                                    "Async Capable": false,
                                                                                    "Join Type": "Inner",
                                                                                    "Startup Cost": 1.01,
                                                                                    "Total Cost": 49.51,
                                                                                    "Plan Rows": 1,
                                                                                    "Plan Width": 6,
                                                                                    "Inner Unique": true,
                                                                                    "Plans": [
                                                                                        {
                                                                                            "Node Type": "Nested Loop",
                                                                                            "Parent Relationship": "Outer",
                                                                                            "Parallel Aware": false,
                                                                                            "Async Capable": false,
                                                                                            "Join Type": "Inner",
                                                                                            "Startup Cost": 0.85,
                                                                                            "Total Cost": 47.63,
                                                                                            "Plan Rows": 4,
                                                                                            "Plan Width": 10,
                                                                                            "Inner Unique": true,
                                                                                            "Plans": [
                                                                                                {
                                                                                                    "Node Type": "Nested Loop",
                                                                                                    "Parent Relationship": "Outer",
                                                                                                    "Parallel Aware": false,
                                                                                                    "Async Capable": false,
                                                                                                    "Join Type": "Inner",
                                                                                                    "Startup Cost": 0.71,
                                                                                                    "Total Cost": 46.96,
                                                                                                    "Plan Rows": 4,
                                                                                                    "Plan Width": 10,
                                                                                                    "Inner Unique": true,
                                                                                                    "Plans": [
                                                                                                        {
                                                                                                            "Node Type": "Index Scan",
                                                                                                            "Parent Relationship": "Outer",
                                                                                                            "Parallel Aware": false,
                                                                                                            "Async Capable": false,
                                                                                                            "Scan Direction": "Forward",
                                                                                                            "Index Name": "partsupp_pkey",
                                                                                                            "Relation Name": "partsupp",
                                                                                                            "Alias": "partsupp_1",
                                                                                                            "Startup Cost": 0.42,
                                                                                                            "Total Cost": 13.75,
                                                                                                            "Plan Rows": 4,
                                                                                                            "Plan Width": 10,
                                                                                                            "Index Cond": "(ps_partkey = part.p_partkey)"
                                                                                                        },
                                                                                                        {
                                                                                                            "Node Type": "Index Scan",
                                                                                                            "Parent Relationship": "Inner",
                                                                                                            "Parallel Aware": false,
                                                                                                            "Async Capable": false,
                                                                                                            "Scan Direction": "Forward",
                                                                                                            "Index Name": "supplier_pkey",
                                                                                                            "Relation Name": "supplier",
                                                                                                            "Alias": "supplier_1",
                                                                                                            "Startup Cost": 0.29,
                                                                                                            "Total Cost": 8.3,
                                                                                                            "Plan Rows": 1,
                                                                                                            "Plan Width": 8,
                                                                                                            "Index Cond": "(s_suppkey = partsupp_1.ps_suppkey)"
                                                                                                        }
                                                                                                    ]
                                                                                                },
                                                                                                {
                                                                                                    "Node Type": "Index Scan",
                                                                                                    "Parent Relationship": "Inner",
                                                                                                    "Parallel Aware": false,
                                                                                                    "Async Capable": false,
                                                                                                    "Scan Direction": "Forward",
                                                                                                    "Index Name": "nation_pkey",
                                                                                                    "Relation Name": "nation",
                                                                                                    "Alias": "nation_1",
                                                                                                    "Startup Cost": 0.14,
                                                                                                    "Total Cost": 0.17,
                                                                                                    "Plan Rows": 1,
                                                                                                    "Plan Width": 8,
                                                                                                    "Index Cond": "(n_nationkey = supplier_1.s_nationkey)"
                                                                                                }
                                                                                            ]
                                                                                        },
                                                                                        {
                                                                                            "Node Type": "Memoize",
                                                                                            "Parent Relationship": "Inner",
                                                                                            "Parallel Aware": false,
                                                                                            "Async Capable": false,
                                                                                            "Startup Cost": 0.15,
                                                                                            "Total Cost": 0.46,
                                                                                            "Plan Rows": 1,
                                                                                            "Plan Width": 4,
                                                                                            "Cache Key": "nation_1.n_regionkey",
                                                                                            "Cache Mode": "logical",
                                                                                            "Plans": [
                                                                                                {
                                                                                                    "Node Type": "Index Scan",
                                                                                                    "Parent Relationship": "Outer",
                                                                                                    "Parallel Aware": false,
                                                                                                    "Async Capable": false,
                                                                                                    "Scan Direction": "Forward",
                                                                                                    "Index Name": "region_pkey",
                                                                                                    "Relation Name": "region",
                                                                                                    "Alias": "region_1",
                                                                                                    "Startup Cost": 0.14,
                                                                                                    "Total Cost": 0.45,
                                                                                                    "Plan Rows": 1,
                                                                                                    "Plan Width": 4,
                                                                                                    "Index Cond": "(r_regionkey = nation_1.n_regionkey)",
                                                                                                    "Filter": "(r_name = 'EUROPE'::bpchar)"
                                                                                                }
                                                                                            ]
                                                                                        }
                                                                                    ]
                                                                                }
                                                                            ]
                                                                        }
                                                                    ]
                                                                }
                                                            ]
                                                        },
                                                        {
                                                            "Node Type": "Index Scan",
                                                            "Parent Relationship": "Inner",
                                                            "Parallel Aware": false,
                                                            "Async Capable": false,
                                                            "Scan Direction": "Forward",
                                                            "Index Name": "supplier_pkey",
                                                            "Relation Name": "supplier",
                                                            "Alias": "supplier",
                                                            "Startup Cost": 0.29,
                                                            "Total Cost": 0.3,
                                                            "Plan Rows": 1,
                                                            "Plan Width": 130,
                                                            "Index Cond": "(s_suppkey = partsupp.ps_suppkey)"
                                                        }
                                                    ]
                                                },
                                                {
                                                    "Node Type": "Seq Scan",
                                                    "Parent Relationship": "Inner",
                                                    "Parallel Aware": false,
                                                    "Async Capable": false,
                                                    "Relation Name": "nation",
                                                    "Alias": "nation",
                                                    "Startup Cost": 0.0,
                                                    "Total Cost": 11.7,
                                                    "Plan Rows": 170,
                                                    "Plan Width": 112
                                                }
                                            ]
                                        },
                                        {
                                            "Node Type": "Seq Scan",
                                            "Parent Relationship": "Inner",
                                            "Parallel Aware": false,
                                            "Async Capable": false,
                                            "Relation Name": "region",
                                            "Alias": "region",
                                            "Startup Cost": 0.0,
                                            "Total Cost": 12.13,
                                            "Plan Rows": 1,
                                            "Plan Width": 4,
                                            "Filter": "(r_name = 'EUROPE'::bpchar)"
                                        }
                                    ]
                                }
                            ]
                        }
                    ]
                }
            }
        ]
    ]
]