[
    [
        [
            {
                "Plan": {
                    "Node Type": "Limit",
                    "Parallel Aware": false,
                    "Async Capable": false,
                    "Startup Cost": 189619.68,
                    "Total Cost": 189619.7,
                    "Plan Rows": 10,
                    "Plan Width": 44,
                    "Plans": [
                        {
                            "Node Type": "Sort",
                            "Parent Relationship": "Outer",
                            "Parallel Aware": false,
                            "Async Capable": false,
                            "Startup Cost": 189619.68,
                            "Total Cost": 190395.89,
                            "Plan Rows": 310487,
                            "Plan Width": 44,
                            "Sort Key": [
                                "(sum((lineitem.l_extendedprice * ('1'::numeric - lineitem.l_discount)))) DESC",
                                "orders.o_orderdate"
                            ],
                            "Plans": [
                                {
                                    "Node Type": "Aggregate",
                                    "Strategy": "Sorted",
                                    "Partial Mode": "Finalize",
                                    "Parent Relationship": "Outer",
                                    "Parallel Aware": false,
                                    "Async Capable": false,
                                    "Startup Cost": 142048.71,
                                    "Total Cost": 182910.16,
                                    "Plan Rows": 310487,
                                    "Plan Width": 44,
                                    "Group Key": [
                                        "lineitem.l_orderkey",
                                        "orders.o_orderdate",
                                        "orders.o_shippriority"
                                    ],
                                    "Plans": [
                                        {
                                            "Node Type": "Gather Merge",
                                            "Parent Relationship": "Outer",
                                            "Parallel Aware": false,
                                            "Async Capable": false,
                                            "Startup Cost": 142048.71,
                                            "Total Cost": 175794.83,
                                            "Plan Rows": 258740,
                                            "Plan Width": 44,
                                            "Workers Planned": 2,
                                            "Plans": [
                                                {
                                                    "Node Type": "Aggregate",
                                                    "Strategy": "Sorted",
                                                    "Partial Mode": "Partial",
                                                    "Parent Relationship": "Outer",
                                                    "Parallel Aware": false,
                                                    "Async Capable": false,
                                                    "Startup Cost": 141048.69,
                                                    "Total Cost": 144929.79,
                                                    "Plan Rows": 129370,
                                                    "Plan Width": 44,
                                                    "Group Key": [
                                                        "lineitem.l_orderkey",
                                                        "orders.o_orderdate",
                                                        "orders.o_shippriority"
                                                    ],
                                                    "Plans": [
                                                        {
                                                            "Node Type": "Sort",
                                                            "Parent Relationship": "Outer",
                                                            "Parallel Aware": false,
                                                            "Async Capable": false,
                                                            "Startup Cost": 141048.69,
                                                            "Total Cost": 141372.11,
                                                            "Plan Rows": 129370,
                                                            "Plan Width": 24,
                                                            "Sort Key": [
                                                                "lineitem.l_orderkey",
                                                                "orders.o_orderdate",
                                                                "orders.o_shippriority"
                                                            ],
                                                            "Plans": [
                                                                {
                                                                    "Node Type": "Nested Loop",
                                                                    "Parent Relationship": "Outer",
                                                                    "Parallel Aware": false,
                                                                    "Async Capable": false,
                                                                    "Join Type": "Inner",
                                                                    "Startup Cost": 4522.06,
                                                                    "Total Cost": 127407.93,
                                                                    "Plan Rows": 129370,
                                                                    "Plan Width": 24,
                                                                    "Inner Unique": false,
                                                                    "Plans": [
                                                                        {
                                                                            "Node Type": "Hash Join",
                                                                            "Parent Relationship": "Outer",
                                                                            "Parallel Aware": true,
                                                                            "Async Capable": false,
                                                                            "Join Type": "Inner",
                                                                            "Startup Cost": 4521.63,
                                                                            "Total Cost": 33125.78,
                                                                            "Plan Rows": 60365,
                                                                            "Plan Width": 12,
                                                                            "Inner Unique": true,
                                                                            "Hash Cond": "(orders.o_custkey = customer.c_custkey)",
                                                                            "Plans": [
                                                                                {
                                                                                    "Node Type": "Seq Scan",
                                                                                    "Parent Relationship": "Outer",
                                                                                    "Parallel Aware": true,
                                                                                    "Async Capable": false,
                                                                                    "Relation Name": "orders",
                                                                                    "Alias": "orders",
                                                                                    "Startup Cost": 0.0,
                                                                                    "Total Cost": 27812.5,
                                                                                    "Plan Rows": 301574,
                                                                                    "Plan Width": 16,
                                                                                    "Filter": "(o_orderdate < '1995-03-23'::date)"
                                                                                },
                                                                                {
                                                                                    "Node Type": "Hash",
                                                                                    "Parent Relationship": "Inner",
                                                                                    "Parallel Aware": true,
                                                                                    "Async Capable": false,
                                                                                    "Startup Cost": 4365.25,
                                                                                    "Total Cost": 4365.25,
                                                                                    "Plan Rows": 12510,
                                                                                    "Plan Width": 4,
                                                                                    "Plans": [
                                                                                        {
                                                                                            "Node Type": "Seq Scan",
                                                                                            "Parent Relationship": "Outer",
                                                                                            "Parallel Aware": true,
                                                                                            "Async Capable": false,
                                                                                            "Relation Name": "customer",
                                                                                            "Alias": "customer",
                                                                                            "Startup Cost": 0.0,
                                                                                            "Total Cost": 4365.25,
                                                                                            "Plan Rows": 12510,
                                                                                            "Plan Width": 4,
                                                                                            "Filter": "(c_mktsegment = 'MACHINERY'::bpchar)"
                                                                                        }
                                                                                    ]
                                                                                }
                                                                            ]
                                                                        },
                                                                        {
                                                                            "Node Type": "Index Scan",
                                                                            "Parent Relationship": "Inner",
                                                                            "Parallel Aware": false,
                                                                            "Async Capable": false,
                                                                            "Scan Direction": "Forward",
                                                                            "Index Name": "lineitem_pkey",
                                                                            "Relation Name": "lineitem",
                                                                            "Alias": "lineitem",
                                                                            "Startup Cost": 0.43,
                                                                            "Total Cost": 1.48,
                                                                            "Plan Rows": 8,
                                                                            "Plan Width": 16,
                                                                            "Index Cond": "(l_orderkey = orders.o_orderkey)",
                                                                            "Filter": "(l_shipdate > '1995-03-23'::date)"
                                                                        }
                                                                    ]
                                                                }
                                                            ]
                                                        }
                                                    ]
                                                }
                                            ]
                                        }
                                    ]
                                }
                            ]
                        }
                    ]
                }
            }
        ]
    ]
]