[
    [
        [
            {
                "Plan": {
                    "Node Type": "Aggregate",
                    "Strategy": "Sorted",
                    "Partial Mode": "Finalize",
                    "Parallel Aware": false,
                    "Async Capable": false,
                    "Startup Cost": 82777.27,
                    "Total Cost": 82829.51,
                    "Plan Rows": 5,
                    "Plan Width": 24,
                    "Group Key": [
                        "orders.o_orderpriority"
                    ],
                    "Plans": [
                        {
                            "Node Type": "Gather Merge",
                            "Parent Relationship": "Outer",
                            "Parallel Aware": false,
                            "Async Capable": false,
                            "Startup Cost": 82777.27,
                            "Total Cost": 82829.41,
                            "Plan Rows": 10,
                            "Plan Width": 24,
                            "Workers Planned": 2,
                            "Plans": [
                                {
                                    "Node Type": "Aggregate",
                                    "Strategy": "Sorted",
                                    "Partial Mode": "Partial",
                                    "Parent Relationship": "Outer",
                                    "Parallel Aware": false,
                                    "Async Capable": false,
                                    "Startup Cost": 81777.24,
                                    "Total Cost": 81828.23,
                                    "Plan Rows": 5,
                                    "Plan Width": 24,
                                    "Group Key": [
                                        "orders.o_orderpriority"
                                    ],
                                    "Plans": [
                                        {
                                            "Node Type": "Sort",
                                            "Parent Relationship": "Outer",
                                            "Parallel Aware": false,
                                            "Async Capable": false,
                                            "Startup Cost": 81777.24,
                                            "Total Cost": 81794.22,
                                            "Plan Rows": 6792,
                                            "Plan Width": 16,
                                            "Sort Key": [
                                                "orders.o_orderpriority"
                                            ],
                                            "Plans": [
                                                {
                                                    "Node Type": "Nested Loop",
                                                    "Parent Relationship": "Outer",
                                                    "Parallel Aware": false,
                                                    "Async Capable": false,
                                                    "Join Type": "Semi",
                                                    "Startup Cost": 0.43,
                                                    "Total Cost": 81344.94,
                                                    "Plan Rows": 6792,
                                                    "Plan Width": 16,
                                                    "Inner Unique": false,
                                                    "Plans": [
                                                        {
                                                            "Node Type": "Seq Scan",
                                                            "Parent Relationship": "Outer",
                                                            "Parallel Aware": true,
                                                            "Async Capable": false,
                                                            "Relation Name": "orders",
                                                            "Alias": "orders",
                                                            "Startup Cost": 0.0,
                                                            "Total Cost": 29375.0,
                                                            "Plan Rows": 25881,
                                                            "Plan Width": 20,
                                                            "Filter": "((o_orderdate >= '1996-07-01'::date) AND (o_orderdate < '1996-10-01 00:00:00'::timestamp without time zone))"
                                                        },
                                                        {
                                                            "Node Type": "Index Scan",
                                                            "Parent Relationship": "Inner",
                                                            "Parallel Aware": false,
                                                            "Async Capable": false,
                                                            "Scan Direction": "Forward",
                                                            "Index Name": "lineitem_pkey",
                                                            "Relation Name": "lineitem",
                                                            "Alias": "lineitem",
                                                            "Startup Cost": 0.43,
                                                            "Total Cost": 7.15,
                                                            "Plan Rows": 5,
                                                            "Plan Width": 4,
                                                            "Index Cond": "(l_orderkey = orders.o_orderkey)",
                                                            "Filter": "(l_commitdate < l_receiptdate)"
                                                        }
                                                    ]
                                                }
                                            ]
                                        }
                                    ]
                                }
                            ]
                        }
                    ]
                }
            }
        ]
    ]
]