[
    [
        [
            {
                "Plan": {
                    "Node Type": "Sort",
                    "Parallel Aware": false,
                    "Async Capable": false,
                    "Startup Cost": 37517.57,
                    "Total Cost": 37518.0,
                    "Plan Rows": 170,
                    "Plan Width": 136,
                    "Sort Key": [
                        "(sum((lineitem.l_extendedprice * ('1'::numeric - lineitem.l_discount)))) DESC"
                    ],
                    "Plans": [
                        {
                            "Node Type": "Aggregate",
                            "Strategy": "Sorted",
                            "Partial Mode": "Finalize",
                            "Parent Relationship": "Outer",
                            "Parallel Aware": false,
                            "Async Capable": false,
                            "Startup Cost": 37483.69,
                            "Total Cost": 37511.27,
                            "Plan Rows": 170,
                            "Plan Width": 136,
                            "Group Key": [
                                "nation.n_name"
                            ],
                            "Plans": [
                                {
                                    "Node Type": "Gather Merge",
                                    "Parent Relationship": "Outer",
                                    "Parallel Aware": false,
                                    "Async Capable": false,
                                    "Startup Cost": 37483.69,
                                    "Total Cost": 37507.74,
                                    "Plan Rows": 188,
                                    "Plan Width": 136,
                                    "Workers Planned": 2,
                                    "Plans": [
                                        {
                                            "Node Type": "Aggregate",
                                            "Strategy": "Sorted",
                                            "Partial Mode": "Partial",
                                            "Parent Relationship": "Outer",
                                            "Parallel Aware": false,
                                            "Async Capable": false,
                                            "Startup Cost": 36483.66,
                                            "Total Cost": 36486.01,
                                            "Plan Rows": 94,
                                            "Plan Width": 136,
                                            "Group Key": [
                                                "nation.n_name"
                                            ],
                                            "Plans": [
                                                {
                                                    "Node Type": "Sort",
                                                    "Parent Relationship": "Outer",
                                                    "Parallel Aware": false,
                                                    "Async Capable": false,
                                                    "Startup Cost": 36483.66,
                                                    "Total Cost": 36483.9,
                                                    "Plan Rows": 94,
                                                    "Plan Width": 116,
                                                    "Sort Key": [
                                                        "nation.n_name"
                                                    ],
                                                    "Plans": [
                                                        {
                                                            "Node Type": "Hash Join",
                                                            "Parent Relationship": "Outer",
                                                            "Parallel Aware": false,
                                                            "Async Capable": false,
                                                            "Join Type": "Inner",
                                                            "Startup Cost": 4931.39,
                                                            "Total Cost": 36480.58,
                                                            "Plan Rows": 94,
                                                            "Plan Width": 116,
                                                            "Inner Unique": true,
                                                            "Hash Cond": "((lineitem.l_suppkey = supplier.s_suppkey) AND (customer.c_nationkey = supplier.s_nationkey))",
                                                            "Plans": [
                                                                {
                                                                    "Node Type": "Nested Loop",
                                                                    "Parent Relationship": "Outer",
                                                                    "Parallel Aware": false,
                                                                    "Async Capable": false,
                                                                    "Join Type": "Inner",
                                                                    "Startup Cost": 4476.39,
                                                                    "Total Cost": 36013.79,
                                                                    "Plan Rows": 2246,
                                                                    "Plan Width": 128,
                                                                    "Inner Unique": false,
                                                                    "Plans": [
                                                                        {
                                                                            "Node Type": "Hash Join",
                                                                            "Parent Relationship": "Outer",
                                                                            "Parallel Aware": true,
                                                                            "Async Capable": false,
                                                                            "Join Type": "Inner",
                                                                            "Startup Cost": 4475.96,
                                                                            "Total Cost": 34211.14,
                                                                            "Plan Rows": 561,
                                                                            "Plan Width": 116,
                                                                            "Inner Unique": false,
                                                                            "Hash Cond": "(orders.o_custkey = customer.c_custkey)",
                                                                            "Plans": [
                                                                                {
                                                                                    "Node Type": "Seq Scan",
                                                                                    "Parent Relationship": "Outer",
                                                                                    "Parallel Aware": true,
                                                                                    "Async Capable": false,
                                                                                    "Relation Name": "orders",
                                                                                    "Alias": "orders",
                                                                                    "Startup Cost": 0.0,
                                                                                    "Total Cost": 29375.0,
                                                                                    "Plan Rows": 95424,
                                                                                    "Plan Width": 8,
                                                                                    "Filter": "((o_orderdate >= '1996-01-01'::date) AND (o_orderdate < '1997-01-01 00:00:00'::timestamp without time zone))"
                                                                                },
                                                                                {
                                                                                    "Node Type": "Hash",
                                                                                    "Parent Relationship": "Inner",
                                                                                    "Parallel Aware": true,
                                                                                    "Async Capable": false,
                                                                                    "Startup Cost": 4471.36,
                                                                                    "Total Cost": 4471.36,
                                                                                    "Plan Rows": 368,
                                                                                    "Plan Width": 116,
                                                                                    "Plans": [
                                                                                        {
                                                                                            "Node Type": "Hash Join",
                                                                                            "Parent Relationship": "Outer",
                                                                                            "Parallel Aware": false,
                                                                                            "Async Capable": false,
                                                                                            "Join Type": "Inner",
                                                                                            "Startup Cost": 24.31,
                                                                                            "Total Cost": 4471.36,
                                                                                            "Plan Rows": 368,
                                                                                            "Plan Width": 116,
                                                                                            "Inner Unique": false,
                                                                                            "Hash Cond": "(customer.c_nationkey = nation.n_nationkey)",
                                                                                            "Plans": [
                                                                                                {
                                                                                                    "Node Type": "Seq Scan",
                                                                                                    "Parent Relationship": "Outer",
                                                                                                    "Parallel Aware": true,
                                                                                                    "Async Capable": false,
                                                                                                    "Relation Name": "customer",
                                                                                                    "Alias": "customer",
                                                                                                    "Startup Cost": 0.0,
                                                                                                    "Total Cost": 4209.0,
                                                                                                    "Plan Rows": 62500,
                                                                                                    "Plan Width": 8
                                                                                                },
                                                                                                {
                                                                                                    "Node Type": "Hash",
                                                                                                    "Parent Relationship": "Inner",
                                                                                                    "Parallel Aware": false,
                                                                                                    "Async Capable": false,
                                                                                                    "Startup Cost": 24.29,
                                                                                                    "Total Cost": 24.29,
                                                                                                    "Plan Rows": 1,
                                                                                                    "Plan Width": 108,
                                                                                                    "Plans": [
                                                                                                        {
                                                                                                            "Node Type": "Hash Join",
                                                                                                            "Parent Relationship": "Outer",
                                                                                                            "Parallel Aware": false,
                                                                                                            "Async Capable": false,
                                                                                                            "Join Type": "Inner",
                                                                                                            "Startup Cost": 12.14,
                                                                                                            "Total Cost": 24.29,
                                                                                                            "Plan Rows": 1,
                                                                                                            "Plan Width": 108,
                                                                                                            "Inner Unique": true,
                                                                                                            "Hash Cond": "(nation.n_regionkey = region.r_regionkey)",
                                                                                                            "Plans": [
                                                                                                                {
                                                                                                                    "Node Type": "Seq Scan",
                                                                                                                    "Parent Relationship": "Outer",
                                                                                                                    "Parallel Aware": false,
                                                                                                                    "Async Capable": false,
                                                                                                                    "Relation Name": "nation",
                                                                                                                    "Alias": "nation",
                                                                                                                    "Startup Cost": 0.0,
                                                                                                                    "Total Cost": 11.7,
                                                                                                                    "Plan Rows": 170,
                                                                                                                    "Plan Width": 112
                                                                                                                },
                                                                                                                {
                                                                                                                    "Node Type": "Hash",
                                                                                                                    "Parent Relationship": "Inner",
                                                                                                                    "Parallel Aware": false,
                                                                                                                    "Async Capable": false,
                                                                                                                    "Startup Cost": 12.13,
                                                                                                                    "Total Cost": 12.13,
                                                                                                                    "Plan Rows": 1,
                                                                                                                    "Plan Width": 4,
                                                                                                                    "Plans": [
                                                                                                                        {
                                                                                                                            "Node Type": "Seq Scan",
                                                                                                                            "Parent Relationship": "Outer",
                                                                                                                            "Parallel Aware": false,
                                                                                                                            "Async Capable": false,
                                                                                                                            "Relation Name": "region",
                                                                                                                            "Alias": "region",
                                                                                                                            "Startup Cost": 0.0,
                                                                                                                            "Total Cost": 12.13,
                                                                                                                            "Plan Rows": 1,
                                                                                                                            "Plan Width": 4,
                                                                                                                            "Filter": "(r_name = 'EUROPE'::bpchar)"
                                                                                                                        }
                                                                                                                    ]
                                                                                                                }
                                                                                                            ]
                                                                                                        }
                                                                                                    ]
                                                                                                }
                                                                                            ]
                                                                                        }
                                                                                    ]
                                                                                }
                                                                            ]
                                                                        },
                                                                        {
                                                                            "Node Type": "Index Scan",
                                                                            "Parent Relationship": "Inner",
                                                                            "Parallel Aware": false,
                                                                            "Async Capable": false,
                                                                            "Scan Direction": "Forward",
                                                                            "Index Name": "lineitem_pkey",
                                                                            "Relation Name": "lineitem",
                                                                            "Alias": "lineitem",
                                                                            "Startup Cost": 0.43,
                                                                            "Total Cost": 3.06,
                                                                            "Plan Rows": 15,
                                                                            "Plan Width": 20,
                                                                            "Index Cond": "(l_orderkey = orders.o_orderkey)"
                                                                        }
                                                                    ]
                                                                },
                                                                {
                                                                    "Node Type": "Hash",
                                                                    "Parent Relationship": "Inner",
                                                                    "Parallel Aware": false,
                                                                    "Async Capable": false,
                                                                    "Startup Cost": 305.0,
                                                                    "Total Cost": 305.0,
                                                                    "Plan Rows": 10000,
                                                                    "Plan Width": 8,
                                                                    "Plans": [
                                                                        {
                                                                            "Node Type": "Seq Scan",
                                                                            "Parent Relationship": "Outer",
                                                                            "Parallel Aware": false,
                                                                            "Async Capable": false,
                                                                            "Relation Name": "supplier",
                                                                            "Alias": "supplier",
                                                                            "Startup Cost": 0.0,
                                                                            "Total Cost": 305.0,
                                                                            "Plan Rows": 10000,
                                                                            "Plan Width": 8
                                                                        }
                                                                    ]
                                                                }
                                                            ]
                                                        }
                                                    ]
                                                }
                                            ]
                                        }
                                    ]
                                }
                            ]
                        }
                    ]
                }
            }
        ]
    ]
]