[
    [
        [
            {
                "Plan": {
                    "Node Type": "Aggregate",
                    "Strategy": "Plain",
                    "Partial Mode": "Finalize",
                    "Parallel Aware": false,
                    "Async Capable": false,
                    "Startup Cost": 169990.36,
                    "Total Cost": 169990.37,
                    "Plan Rows": 1,
                    "Plan Width": 32,
                    "Plans": [
                        {
                            "Node Type": "Gather",
                            "Parent Relationship": "Outer",
                            "Parallel Aware": false,
                            "Async Capable": false,
                            "Startup Cost": 169990.13,
                            "Total Cost": 169990.34,
                            "Plan Rows": 2,
                            "Plan Width": 32,
                            "Workers Planned": 2,
                            "Single Copy": false,
                            "Plans": [
                                {
                                    "Node Type": "Aggregate",
                                    "Strategy": "Plain",
                                    "Partial Mode": "Partial",
                                    "Parent Relationship": "Outer",
                                    "Parallel Aware": false,
                                    "Async Capable": false,
                                    "Startup Cost": 168990.13,
                                    "Total Cost": 168990.14,
                                    "Plan Rows": 1,
                                    "Plan Width": 32,
                                    "Plans": [
                                        {
                                            "Node Type": "Seq Scan",
                                            "Parent Relationship": "Outer",
                                            "Parallel Aware": true,
                                            "Async Capable": false,
                                            "Relation Name": "lineitem",
                                            "Alias": "lineitem",
                                            "Startup Cost": 0.0,
                                            "Total Cost": 168758.92,
                                            "Plan Rows": 46241,
                                            "Plan Width": 12,
                                            "Filter": "((l_shipdate >= '1996-01-01'::date) AND (l_shipdate < '1997-01-01 00:00:00'::timestamp without time zone) AND (l_discount >= 0.01) AND (l_discount <= 0.03) AND (l_quantity < '24'::numeric))"
                                        }
                                    ]
                                }
                            ]
                        }
                    ]
                }
            }
        ]
    ]
]