[
    [
        [
            {
                "Plan": {
                    "Node Type": "Aggregate",
                    "Strategy": "Sorted",
                    "Partial Mode": "Finalize",
                    "Parallel Aware": false,
                    "Async Capable": false,
                    "Startup Cost": 43094.55,
                    "Total Cost": 43111.44,
                    "Plan Rows": 126,
                    "Plan Width": 272,
                    "Group Key": [
                        "n1.n_name",
                        "n2.n_name",
                        "(EXTRACT(year FROM lineitem.l_shipdate))"
                    ],
                    "Plans": [
                        {
                            "Node Type": "Gather Merge",
                            "Parent Relationship": "Outer",
                            "Parallel Aware": false,
                            "Async Capable": false,
                            "Startup Cost": 43094.55,
                            "Total Cost": 43108.25,
                            "Plan Rows": 104,
                            "Plan Width": 272,
                            "Workers Planned": 2,
                            "Plans": [
                                {
                                    "Node Type": "Aggregate",
                                    "Strategy": "Sorted",
                                    "Partial Mode": "Partial",
                                    "Parent Relationship": "Outer",
                                    "Parallel Aware": false,
                                    "Async Capable": false,
                                    "Startup Cost": 42094.53,
                                    "Total Cost": 42096.22,
                                    "Plan Rows": 52,
                                    "Plan Width": 272,
                                    "Group Key": [
                                        "n1.n_name",
                                        "n2.n_name",
                                        "(EXTRACT(year FROM lineitem.l_shipdate))"
                                    ],
                                    "Plans": [
                                        {
                                            "Node Type": "Sort",
                                            "Parent Relationship": "Outer",
                                            "Parallel Aware": false,
                                            "Async Capable": false,
                                            "Startup Cost": 42094.53,
                                            "Total Cost": 42094.66,
                                            "Plan Rows": 52,
                                            "Plan Width": 252,
                                            "Sort Key": [
                                                "n1.n_name",
                                                "n2.n_name",
                                                "(EXTRACT(year FROM lineitem.l_shipdate))"
                                            ],
                                            "Plans": [
                                                {
                                                    "Node Type": "Hash Join",
                                                    "Parent Relationship": "Outer",
                                                    "Parallel Aware": false,
                                                    "Async Capable": false,
                                                    "Join Type": "Inner",
                                                    "Startup Cost": 4745.31,
                                                    "Total Cost": 42093.05,
                                                    "Plan Rows": 52,
                                                    "Plan Width": 252,
                                                    "Inner Unique": false,
                                                    "Hash Cond": "(lineitem.l_suppkey = supplier.s_suppkey)",
                                                    "Join Filter": "(((n1.n_name = 'CANADA'::bpchar) AND (n2.n_name = 'BRAZIL'::bpchar)) OR ((n1.n_name = 'BRAZIL'::bpchar) AND (n2.n_name = 'CANADA'::bpchar)))",
                                                    "Plans": [
                                                        {
                                                            "Node Type": "Nested Loop",
                                                            "Parent Relationship": "Outer",
                                                            "Parallel Aware": false,
                                                            "Async Capable": false,
                                                            "Join Type": "Inner",
                                                            "Startup Cost": 4399.35,
                                                            "Total Cost": 41711.48,
                                                            "Plan Rows": 8903,
                                                            "Plan Width": 124,
                                                            "Inner Unique": false,
                                                            "Plans": [
                                                                {
                                                                    "Node Type": "Hash Join",
                                                                    "Parent Relationship": "Outer",
                                                                    "Parallel Aware": true,
                                                                    "Async Capable": false,
                                                                    "Join Type": "Inner",
                                                                    "Startup Cost": 4398.92,
                                                                    "Total Cost": 33023.29,
                                                                    "Plan Rows": 7353,
                                                                    "Plan Width": 108,
                                                                    "Inner Unique": false,
                                                                    "Hash Cond": "(orders.o_custkey = customer.c_custkey)",
                                                                    "Plans": [
                                                                        {
                                                                            "Node Type": "Seq Scan",
                                                                            "Parent Relationship": "Outer",
                                                                            "Parallel Aware": true,
                                                                            "Async Capable": false,
                                                                            "Relation Name": "orders",
                                                                            "Alias": "orders",
                                                                            "Startup Cost": 0.0,
                                                                            "Total Cost": 26250.0,
                                                                            "Plan Rows": 625000,
                                                                            "Plan Width": 8
                                                                        },
                                                                        {
                                                                            "Node Type": "Hash",
                                                                            "Parent Relationship": "Inner",
                                                                            "Parallel Aware": true,
                                                                            "Async Capable": false,
                                                                            "Startup Cost": 4389.73,
                                                                            "Total Cost": 4389.73,
                                                                            "Plan Rows": 735,
                                                                            "Plan Width": 108,
                                                                            "Plans": [
                                                                                {
                                                                                    "Node Type": "Hash Join",
                                                                                    "Parent Relationship": "Outer",
                                                                                    "Parallel Aware": false,
                                                                                    "Async Capable": false,
                                                                                    "Join Type": "Inner",
                                                                                    "Startup Cost": 12.58,
                                                                                    "Total Cost": 4389.73,
                                                                                    "Plan Rows": 735,
                                                                                    "Plan Width": 108,
                                                                                    "Inner Unique": true,
                                                                                    "Hash Cond": "(customer.c_nationkey = n2.n_nationkey)",
                                                                                    "Plans": [
                                                                                        {
                                                                                            "Node Type": "Seq Scan",
                                                                                            "Parent Relationship": "Outer",
                                                                                            "Parallel Aware": true,
                                                                                            "Async Capable": false,
                                                                                            "Relation Name": "customer",
                                                                                            "Alias": "customer",
                                                                                            "Startup Cost": 0.0,
                                                                                            "Total Cost": 4209.0,
                                                                                            "Plan Rows": 62500,
                                                                                            "Plan Width": 8
                                                                                        },
                                                                                        {
                                                                                            "Node Type": "Hash",
                                                                                            "Parent Relationship": "Inner",
                                                                                            "Parallel Aware": false,
                                                                                            "Async Capable": false,
                                                                                            "Startup Cost": 12.55,
                                                                                            "Total Cost": 12.55,
                                                                                            "Plan Rows": 2,
                                                                                            "Plan Width": 108,
                                                                                            "Plans": [
                                                                                                {
                                                                                                    "Node Type": "Seq Scan",
                                                                                                    "Parent Relationship": "Outer",
                                                                                                    "Parallel Aware": false,
                                                                                                    "Async Capable": false,
                                                                                                    "Relation Name": "nation",
                                                                                                    "Alias": "n2",
                                                                                                    "Startup Cost": 0.0,
                                                                                                    "Total Cost": 12.55,
                                                                                                    "Plan Rows": 2,
                                                                                                    "Plan Width": 108,
                                                                                                    "Filter": "((n_name = 'BRAZIL'::bpchar) OR (n_name = 'CANADA'::bpchar))"
                                                                                                }
                                                                                            ]
                                                                                        }
                                                                                    ]
                                                                                }
                                                                            ]
                                                                        }
                                                                    ]
                                                                },
                                                                {
                                                                    "Node Type": "Index Scan",
                                                                    "Parent Relationship": "Inner",
                                                                    "Parallel Aware": false,
                                                                    "Async Capable": false,
                                                                    "Scan Direction": "Forward",
                                                                    "Index Name": "lineitem_pkey",
                                                                    "Relation Name": "lineitem",
                                                                    "Alias": "lineitem",
                                                                    "Startup Cost": 0.43,
                                                                    "Total Cost": 1.13,
                                                                    "Plan Rows": 5,
                                                                    "Plan Width": 24,
                                                                    "Index Cond": "(l_orderkey = orders.o_orderkey)",
                                                                    "Filter": "((l_shipdate >= '1995-01-01'::date) AND (l_shipdate <= '1996-12-31'::date))"
                                                                }
                                                            ]
                                                        },
                                                        {
                                                            "Node Type": "Hash",
                                                            "Parent Relationship": "Inner",
                                                            "Parallel Aware": false,
                                                            "Async Capable": false,
                                                            "Startup Cost": 344.48,
                                                            "Total Cost": 344.48,
                                                            "Plan Rows": 118,
                                                            "Plan Width": 108,
                                                            "Plans": [
                                                                {
                                                                    "Node Type": "Hash Join",
                                                                    "Parent Relationship": "Outer",
                                                                    "Parallel Aware": false,
                                                                    "Async Capable": false,
                                                                    "Join Type": "Inner",
                                                                    "Startup Cost": 12.58,
                                                                    "Total Cost": 344.48,
                                                                    "Plan Rows": 118,
                                                                    "Plan Width": 108,
                                                                    "Inner Unique": true,
                                                                    "Hash Cond": "(supplier.s_nationkey = n1.n_nationkey)",
                                                                    "Plans": [
                                                                        {
                                                                            "Node Type": "Seq Scan",
                                                                            "Parent Relationship": "Outer",
                                                                            "Parallel Aware": false,
                                                                            "Async Capable": false,
                                                                            "Relation Name": "supplier",
                                                                            "Alias": "supplier",
                                                                            "Startup Cost": 0.0,
                                                                            "Total Cost": 305.0,
                                                                            "Plan Rows": 10000,
                                                                            "Plan Width": 8
                                                                        },
                                                                        {
                                                                            "Node Type": "Hash",
                                                                            "Parent Relationship": "Inner",
                                                                            "Parallel Aware": false,
                                                                            "Async Capable": false,
                                                                            "Startup Cost": 12.55,
                                                                            "Total Cost": 12.55,
                                                                            "Plan Rows": 2,
                                                                            "Plan Width": 108,
                                                                            "Plans": [
                                                                                {
                                                                                    "Node Type": "Seq Scan",
                                                                                    "Parent Relationship": "Outer",
                                                                                    "Parallel Aware": false,
                                                                                    "Async Capable": false,
                                                                                    "Relation Name": "nation",
                                                                                    "Alias": "n1",
                                                                                    "Startup Cost": 0.0,
                                                                                    "Total Cost": 12.55,
                                                                                    "Plan Rows": 2,
                                                                                    "Plan Width": 108,
                                                                                    "Filter": "((n_name = 'CANADA'::bpchar) OR (n_name = 'BRAZIL'::bpchar))"
                                                                                }
                                                                            ]
                                                                        }
                                                                    ]
                                                                }
                                                            ]
                                                        }
                                                    ]
                                                }
                                            ]
                                        }
                                    ]
                                }
                            ]
                        }
                    ]
                }
            }
        ]
    ]
]