[
    [
        [
            {
                "Plan": {
                    "Node Type": "Aggregate",
                    "Strategy": "Sorted",
                    "Partial Mode": "Simple",
                    "Parallel Aware": false,
                    "Async Capable": false,
                    "Startup Cost": 39824.49,
                    "Total Cost": 39824.53,
                    "Plan Rows": 1,
                    "Plan Width": 64,
                    "Group Key": [
                        "(EXTRACT(year FROM orders.o_orderdate))"
                    ],
                    "Plans": [
                        {
                            "Node Type": "Sort",
                            "Parent Relationship": "Outer",
                            "Parallel Aware": false,
                            "Async Capable": false,
                            "Startup Cost": 39824.49,
                            "Total Cost": 39824.49,
                            "Plan Rows": 1,
                            "Plan Width": 148,
                            "Sort Key": [
                                "(EXTRACT(year FROM orders.o_orderdate))"
                            ],
                            "Plans": [
                                {
                                    "Node Type": "Nested Loop",
                                    "Parent Relationship": "Outer",
                                    "Parallel Aware": false,
                                    "Async Capable": false,
                                    "Join Type": "Inner",
                                    "Startup Cost": 5477.24,
                                    "Total Cost": 39824.48,
                                    "Plan Rows": 1,
                                    "Plan Width": 148,
                                    "Inner Unique": true,
                                    "Plans": [
                                        {
                                            "Node Type": "Nested Loop",
                                            "Parent Relationship": "Outer",
                                            "Parallel Aware": false,
                                            "Async Capable": false,
                                            "Join Type": "Inner",
                                            "Startup Cost": 5477.1,
                                            "Total Cost": 39824.31,
                                            "Plan Rows": 1,
                                            "Plan Width": 20,
                                            "Inner Unique": true,
                                            "Plans": [
                                                {
                                                    "Node Type": "Gather",
                                                    "Parent Relationship": "Outer",
                                                    "Parallel Aware": false,
                                                    "Async Capable": false,
                                                    "Startup Cost": 5476.81,
                                                    "Total Cost": 39824.0,
                                                    "Plan Rows": 1,
                                                    "Plan Width": 20,
                                                    "Workers Planned": 2,
                                                    "Single Copy": false,
                                                    "Plans": [
                                                        {
                                                            "Node Type": "Nested Loop",
                                                            "Parent Relationship": "Outer",
                                                            "Parallel Aware": false,
                                                            "Async Capable": false,
                                                            "Join Type": "Inner",
                                                            "Startup Cost": 4476.81,
                                                            "Total Cost": 38823.9,
                                                            "Plan Rows": 1,
                                                            "Plan Width": 20,
                                                            "Inner Unique": true,
                                                            "Plans": [
                                                                {
                                                                    "Node Type": "Nested Loop",
                                                                    "Parent Relationship": "Outer",
                                                                    "Parallel Aware": false,
                                                                    "Async Capable": false,
                                                                    "Join Type": "Inner",
                                                                    "Startup Cost": 4476.39,
                                                                    "Total Cost": 36842.76,
                                                                    "Plan Rows": 4470,
                                                                    "Plan Width": 24,
                                                                    "Inner Unique": false,
                                                                    "Plans": [
                                                                        {
                                                                            "Node Type": "Hash Join",
                                                                            "Parent Relationship": "Outer",
                                                                            "Parallel Aware": true,
                                                                            "Async Capable": false,
                                                                            "Join Type": "Inner",
                                                                            "Startup Cost": 4475.96,
                                                                            "Total Cost": 34567.93,
                                                                            "Plan Rows": 1118,
                                                                            "Plan Width": 8,
                                                                            "Inner Unique": false,
                                                                            "Hash Cond": "(orders.o_custkey = customer.c_custkey)",
                                                                            "Plans": [
                                                                                {
                                                                                    "Node Type": "Seq Scan",
                                                                                    "Parent Relationship": "Outer",
                                                                                    "Parallel Aware": true,
                                                                                    "Async Capable": false,
                                                                                    "Relation Name": "orders",
                                                                                    "Alias": "orders",
                                                                                    "Startup Cost": 0.0,
                                                                                    "Total Cost": 29375.0,
                                                                                    "Plan Rows": 189950,
                                                                                    "Plan Width": 12,
                                                                                    "Filter": "((o_orderdate >= '1995-01-01'::date) AND (o_orderdate <= '1996-12-31'::date))"
                                                                                },
                                                                                {
                                                                                    "Node Type": "Hash",
                                                                                    "Parent Relationship": "Inner",
                                                                                    "Parallel Aware": true,
                                                                                    "Async Capable": false,
                                                                                    "Startup Cost": 4471.36,
                                                                                    "Total Cost": 4471.36,
                                                                                    "Plan Rows": 368,
                                                                                    "Plan Width": 4,
                                                                                    "Plans": [
                                                                                        {
                                                                                            "Node Type": "Hash Join",
                                                                                            "Parent Relationship": "Outer",
                                                                                            "Parallel Aware": false,
                                                                                            "Async Capable": false,
                                                                                            "Join Type": "Inner",
                                                                                            "Startup Cost": 24.31,
                                                                                            "Total Cost": 4471.36,
                                                                                            "Plan Rows": 368,
                                                                                            "Plan Width": 4,
                                                                                            "Inner Unique": false,
                                                                                            "Hash Cond": "(customer.c_nationkey = n1.n_nationkey)",
                                                                                            "Plans": [
                                                                                                {
                                                                                                    "Node Type": "Seq Scan",
                                                                                                    "Parent Relationship": "Outer",
                                                                                                    "Parallel Aware": true,
                                                                                                    "Async Capable": false,
                                                                                                    "Relation Name": "customer",
                                                                                                    "Alias": "customer",
                                                                                                    "Startup Cost": 0.0,
                                                                                                    "Total Cost": 4209.0,
                                                                                                    "Plan Rows": 62500,
                                                                                                    "Plan Width": 8
                                                                                                },
                                                                                                {
                                                                                                    "Node Type": "Hash",
                                                                                                    "Parent Relationship": "Inner",
                                                                                                    "Parallel Aware": false,
                                                                                                    "Async Capable": false,
                                                                                                    "Startup Cost": 24.29,
                                                                                                    "Total Cost": 24.29,
                                                                                                    "Plan Rows": 1,
                                                                                                    "Plan Width": 4,
                                                                                                    "Plans": [
                                                                                                        {
                                                                                                            "Node Type": "Hash Join",
                                                                                                            "Parent Relationship": "Outer",
                                                                                                            "Parallel Aware": false,
                                                                                                            "Async Capable": false,
                                                                                                            "Join Type": "Inner",
                                                                                                            "Startup Cost": 12.14,
                                                                                                            "Total Cost": 24.29,
                                                                                                            "Plan Rows": 1,
                                                                                                            "Plan Width": 4,
                                                                                                            "Inner Unique": true,
                                                                                                            "Hash Cond": "(n1.n_regionkey = region.r_regionkey)",
                                                                                                            "Plans": [
                                                                                                                {
                                                                                                                    "Node Type": "Seq Scan",
                                                                                                                    "Parent Relationship": "Outer",
                                                                                                                    "Parallel Aware": false,
                                                                                                                    "Async Capable": false,
                                                                                                                    "Relation Name": "nation",
                                                                                                                    "Alias": "n1",
                                                                                                                    "Startup Cost": 0.0,
                                                                                                                    "Total Cost": 11.7,
                                                                                                                    "Plan Rows": 170,
                                                                                                                    "Plan Width": 8
                                                                                                                },
                                                                                                                {
                                                                                                                    "Node Type": "Hash",
                                                                                                                    "Parent Relationship": "Inner",
                                                                                                                    "Parallel Aware": false,
                                                                                                                    "Async Capable": false,
                                                                                                                    "Startup Cost": 12.13,
                                                                                                                    "Total Cost": 12.13,
                                                                                                                    "Plan Rows": 1,
                                                                                                                    "Plan Width": 4,
                                                                                                                    "Plans": [
                                                                                                                        {
                                                                                                                            "Node Type": "Seq Scan",
                                                                                                                            "Parent Relationship": "Outer",
                                                                                                                            "Parallel Aware": false,
                                                                                                                            "Async Capable": false,
                                                                                                                            "Relation Name": "region",
                                                                                                                            "Alias": "region",
                                                                                                                            "Startup Cost": 0.0,
                                                                                                                            "Total Cost": 12.13,
                                                                                                                            "Plan Rows": 1,
                                                                                                                            "Plan Width": 4,
                                                                                                                            "Filter": "(r_name = 'AMERICA'::bpchar)"
                                                                                                                        }
                                                                                                                    ]
                                                                                                                }
                                                                                                            ]
                                                                                                        }
                                                                                                    ]
                                                                                                }
                                                                                            ]
                                                                                        }
                                                                                    ]
                                                                                }
                                                                            ]
                                                                        },
                                                                        {
                                                                            "Node Type": "Index Scan",
                                                                            "Parent Relationship": "Inner",
                                                                            "Parallel Aware": false,
                                                                            "Async Capable": false,
                                                                            "Scan Direction": "Forward",
                                                                            "Index Name": "lineitem_pkey",
                                                                            "Relation Name": "lineitem",
                                                                            "Alias": "lineitem",
                                                                            "Startup Cost": 0.43,
                                                                            "Total Cost": 1.88,
                                                                            "Plan Rows": 15,
                                                                            "Plan Width": 24,
                                                                            "Index Cond": "(l_orderkey = orders.o_orderkey)"
                                                                        }
                                                                    ]
                                                                },
                                                                {
                                                                    "Node Type": "Index Scan",
                                                                    "Parent Relationship": "Inner",
                                                                    "Parallel Aware": false,
                                                                    "Async Capable": false,
                                                                    "Scan Direction": "Forward",
                                                                    "Index Name": "part_pkey",
                                                                    "Relation Name": "part",
                                                                    "Alias": "part",
                                                                    "Startup Cost": 0.42,
                                                                    "Total Cost": 0.44,
                                                                    "Plan Rows": 1,
                                                                    "Plan Width": 4,
                                                                    "Index Cond": "(p_partkey = lineitem.l_partkey)",
                                                                    "Filter": "((p_type)::text = 'LARGE ANODIZED COPPER'::text)"
                                                                }
                                                            ]
                                                        }
                                                    ]
                                                },
                                                {
                                                    "Node Type": "Index Scan",
                                                    "Parent Relationship": "Inner",
                                                    "Parallel Aware": false,
                                                    "Async Capable": false,
                                                    "Scan Direction": "Forward",
                                                    "Index Name": "supplier_pkey",
                                                    "Relation Name": "supplier",
                                                    "Alias": "supplier",
                                                    "Startup Cost": 0.29,
                                                    "Total Cost": 0.3,
                                                    "Plan Rows": 1,
                                                    "Plan Width": 8,
                                                    "Index Cond": "(s_suppkey = lineitem.l_suppkey)"
                                                }
                                            ]
                                        },
                                        {
                                            "Node Type": "Index Scan",
                                            "Parent Relationship": "Inner",
                                            "Parallel Aware": false,
                                            "Async Capable": false,
                                            "Scan Direction": "Forward",
                                            "Index Name": "nation_pkey",
                                            "Relation Name": "nation",
                                            "Alias": "n2",
                                            "Startup Cost": 0.14,
                                            "Total Cost": 0.17,
                                            "Plan Rows": 1,
                                            "Plan Width": 108,
                                            "Index Cond": "(n_nationkey = supplier.s_nationkey)"
                                        }
                                    ]
                                }
                            ]
                        }
                    ]
                }
            }
        ]
    ]
]